This is TeXk, Version 3.141592653 (TeX Live 2021/W32TeX) (preloaded format=tex 2022.1.24)  5 JUN 2022 14:32
 Source specials enabled.
**vita.tex
(./vita.tex [1] [2] [3]
Underfull \hbox (badness 1184) in paragraph at lines 456--462
[][][][]\tenrm ``Production Fron-tiers and Ef-fi-ciency Mea-sure-ment'' (with P
. Schmidt) in

\hbox(7.5+2.5)x391.46176, glue set 2.28043
.\hbox(0.0+0.0)x20.0
.\special{src:456 vita.tex}
.\hbox(0.0+0.0)x20.0
.\hbox(0.0+0.0)x0.0, glue set - 5.0fil
..\glue 0.0 plus 1.0fil minus 1.0fil
..\kern 5.0
.\tenrm \ (ligature ``)
.etc.

[4]
Underfull \hbox (badness 1292) in paragraph at lines 528--532
[][][][]\tenrm ``Models for which the MLE and the Con-di-tional MLE Co-in-cide'
' (with

\hbox(7.5+2.5)x391.46176, glue set 2.34982
.\hbox(0.0+0.0)x20.0
.\special{src:528 vita.tex}
.\hbox(0.0+0.0)x20.0
.\hbox(0.0+0.0)x0.0, glue set - 5.0fil
..\glue 0.0 plus 1.0fil minus 1.0fil
..\kern 5.0
.\tenrm \ (ligature ``)
.etc.

[5]
Missing character: There is no ^^92 in font cmr10!
 [6] [7] [8] )
Output written on vita.dvi (8 pages, 23076 bytes).
